Arguments: 
  C:\Program Files\nodejs\node.exe D:\Users\w.lu\AppData\Roaming\npm\node_modules\yarn\bin\yarn.js

PATH: 
  C:\Program Files (x86)\Python37-32\Scripts\;C:\Program Files (x86)\Python37-32\;C:\ProgramData\Oracle\Java\javapath;C:\Windows\system32;C:\Windows;C:\Windows\System32\Wbem;C:\Windows\System32\WindowsPowerShell\v1.0\;"C:\Program Files\Java\jdk1.7.0_60\bin;C:\Program Files\Java\jdk1.7.0_60\jre\bin";C:\JAVA\apache-maven-3.3.9\bin;C:\Program Files\Git\cmd;C:\Program Files (x86)\Microsoft SQL Server\110\Tools\Binn\ManagementStudio\;C:\Program Files (x86)\Microsoft SQL Server\110\Tools\Binn\;C:\Program Files\Microsoft SQL Server\110\Tools\Binn\;C:\Program Files (x86)\Microsoft SQL Server\110\DTS\Binn\;C:\Program Files\Microsoft SQL Server\110\DTS\Binn\;C:\Program Files (x86)\Windows Kits\8.1\Windows Performance Toolkit\;C:\Program Files\Microsoft VS Code\bin;bin\;D:\Users\w.lu\AppData\Roaming\nvm;C:\Program Files\nodejs;D:\env\node\;D:\Users\w.lu\AppData\Local\Programs\Python\Python37\Scripts\;D:\Users\w.lu\AppData\Local\Programs\Python\Python37\;D:\Users\w.lu\AppData\Local\Microsoft\WindowsApps;D:\Users\w.lu\AppData\Local\Yarn\bin;D:\Users\w.lu\AppData\Roaming\nvm;C:\Program Files\nodejs;D:\Users\w.lu\AppData\Roaming\npm;

Yarn version: 
  1.7.0

Node version: 
  10.5.0

Platform: 
  win32 x64

Trace: 
  Error: https://registry.npmjs.org/egg: ETIMEDOUT
      at Timeout._onTimeout (D:\Users\w.lu\AppData\Roaming\npm\node_modules\yarn\lib\cli.js:135339:19)
      at ontimeout (timers.js:427:11)
      at tryOnTimeout (timers.js:289:5)
      at listOnTimeout (timers.js:252:5)
      at Timer.processTimers (timers.js:212:10)

npm manifest: 
  {
    "name": "node-online",
    "version": "1.0.0",
    "description": "",
    "private": true,
    "dependencies": {
      "egg": "^2.2.1",
      "egg-scripts": "^2.5.0"
    },
    "devDependencies": {
      "autod": "^3.0.1",
      "autod-egg": "^1.0.0",
      "egg-bin": "^4.3.5",
      "egg-ci": "^1.8.0",
      "egg-mock": "^3.14.0",
      "eslint": "^4.11.0",
      "eslint-config-egg": "^6.0.0",
      "webstorm-disable-index": "^1.2.0"
    },
    "engines": {
      "node": ">=8.9.0"
    },
    "scripts": {
      "start": "egg-scripts start --daemon --title=egg-server-node-online",
      "stop": "egg-scripts stop --title=egg-server-node-online",
      "dev": "egg-bin dev",
      "debug": "egg-bin debug",
      "test": "npm run lint -- --fix && npm run test-local",
      "test-local": "egg-bin test",
      "cov": "egg-bin cov",
      "lint": "eslint .",
      "ci": "npm run lint && npm run cov",
      "autod": "autod"
    },
    "ci": {
      "version": "8"
    },
    "repository": {
      "type": "git",
      "url": ""
    },
    "author": "",
    "license": "MIT"
  }

yarn manifest: 
  No manifest

Lockfile: 
  No lockfile
